\BOOKMARK [0][-]{chapter*.1}{Table of Contents}{}% 1
\BOOKMARK [0][-]{chapter.1}{Introduction}{}% 2
\BOOKMARK [1][-]{section.1.1}{Background}{chapter.1}% 3
\BOOKMARK [1][-]{section.1.2}{Research Problem}{chapter.1}% 4
\BOOKMARK [1][-]{section.1.3}{Research Objectives and Contributions}{chapter.1}% 5
\BOOKMARK [2][-]{subsection.1.3.1}{Objectives}{section.1.3}% 6
\BOOKMARK [2][-]{subsection.1.3.2}{Research Contributions}{section.1.3}% 7
\BOOKMARK [1][-]{section.1.4}{Thesis Outline}{chapter.1}% 8
\BOOKMARK [0][-]{chapter.2}{Neurobiological Aspects of Brain-Computer Interfaces }{}% 9
\BOOKMARK [1][-]{section.2.1}{Introduction}{chapter.2}% 10
\BOOKMARK [1][-]{section.2.2}{Signal Acquisition}{chapter.2}% 11
\BOOKMARK [2][-]{subsection.2.2.1}{Local Field Potentials}{section.2.2}% 12
\BOOKMARK [2][-]{subsection.2.2.2}{Electrical Signal Acquisition}{section.2.2}% 13
\BOOKMARK [2][-]{subsection.2.2.3}{Magnetic Signal Acquisition}{section.2.2}% 14
\BOOKMARK [2][-]{subsection.2.2.4}{Hemodynamic Techniques}{section.2.2}% 15
\BOOKMARK [2][-]{subsection.2.2.5}{Discussion}{section.2.2}% 16
\BOOKMARK [1][-]{section.2.3}{Neurological Phenomena}{chapter.2}% 17
\BOOKMARK [2][-]{subsection.2.3.1}{Event-Related Synchronisation-based BCI}{section.2.3}% 18
\BOOKMARK [2][-]{subsection.2.3.2}{Event-Related Potential}{section.2.3}% 19
\BOOKMARK [2][-]{subsection.2.3.3}{Visual Evoked Potential}{section.2.3}% 20
\BOOKMARK [2][-]{subsection.2.3.4}{Discussion}{section.2.3}% 21
\BOOKMARK [0][-]{chapter.3}{Signal Processing and Machine Learning for BCI}{}% 22
\BOOKMARK [1][-]{section.3.1}{Signal Processing for Cognitive Functions}{chapter.3}% 23
\BOOKMARK [2][-]{subsection.3.1.1}{Motor Imagery Processing}{section.3.1}% 24
\BOOKMARK [2][-]{subsection.3.1.2}{SSVEP Processing}{section.3.1}% 25
\BOOKMARK [2][-]{subsection.3.1.3}{P300 Processing}{section.3.1}% 26
\BOOKMARK [2][-]{subsection.3.1.4}{Discussion}{section.3.1}% 27
\BOOKMARK [1][-]{section.3.2}{Riemannian Approaches in Machine Learning}{chapter.3}% 28
\BOOKMARK [1][-]{section.3.3}{New Trend in BCI Systems}{chapter.3}% 29
\BOOKMARK [2][-]{subsection.3.3.1}{Hybrid BCI systems}{section.3.3}% 30
\BOOKMARK [2][-]{subsection.3.3.2}{Passive BCI}{section.3.3}% 31
\BOOKMARK [1][-]{section.3.4}{Proposed Approach}{chapter.3}% 32
\BOOKMARK [0][-]{chapter.4}{Hybrid Brain-Computer Interface}{}% 33
\BOOKMARK [1][-]{section.4.1}{Introduction}{chapter.4}% 34
\BOOKMARK [1][-]{section.4.2}{Proposed Hybrid Interface}{chapter.4}% 35
\BOOKMARK [1][-]{section.4.3}{Touchless Interface}{chapter.4}% 36
\BOOKMARK [1][-]{section.4.4}{SSVEP-based BCI}{chapter.4}% 37
\BOOKMARK [2][-]{subsection.4.4.1}{Material and EEG Recording}{section.4.4}% 38
\BOOKMARK [2][-]{subsection.4.4.2}{Signal Processing}{section.4.4}% 39
\BOOKMARK [1][-]{section.4.5}{Applications}{chapter.4}% 40
\BOOKMARK [1][-]{section.4.6}{Experimental Results}{chapter.4}% 41
\BOOKMARK [2][-]{subsection.4.6.1}{Validation of Proposed SSVEP Algorithm}{section.4.6}% 42
\BOOKMARK [2][-]{subsection.4.6.2}{Experiments in Virtual Environment}{section.4.6}% 43
\BOOKMARK [2][-]{subsection.4.6.3}{Application to Exoskeleton Arm Control}{section.4.6}% 44
\BOOKMARK [1][-]{section.4.7}{Conclusion}{chapter.4}% 45
\BOOKMARK [0][-]{chapter.5}{Riemannian Geometry for Brain-Computer Interfaces}{}% 46
\BOOKMARK [1][-]{section.5.1}{Riemannian Manifold of Symmetric Positive-Definite Matrices}{chapter.5}% 47
\BOOKMARK [1][-]{section.5.2}{Covariance Matrix Estimation}{chapter.5}% 48
\BOOKMARK [2][-]{subsection.5.2.1}{Sample Covariance Matrix Estimator}{section.5.2}% 49
\BOOKMARK [2][-]{subsection.5.2.2}{Shrinkage Covariance Matrix Estimators}{section.5.2}% 50
\BOOKMARK [2][-]{subsection.5.2.3}{Fixed-Point Covariance Matrix Estimator}{section.5.2}% 51
\BOOKMARK [1][-]{section.5.3}{Classification of SSVEP Covariance Matrices}{chapter.5}% 52
\BOOKMARK [2][-]{subsection.5.3.1}{Machine Learning Approach for Classification}{section.5.3}% 53
\BOOKMARK [2][-]{subsection.5.3.2}{Means of Covariance Matrices}{section.5.3}% 54
\BOOKMARK [2][-]{subsection.5.3.3}{Minimum Distance to Mean Classifier for SSVEP}{section.5.3}% 55
\BOOKMARK [1][-]{section.5.4}{Online Classification}{chapter.5}% 56
\BOOKMARK [2][-]{subsection.5.4.1}{Curve-Based Online Classification}{section.5.4}% 57
\BOOKMARK [2][-]{subsection.5.4.2}{Outliers Removal with Riemannian Potato}{section.5.4}% 58
\BOOKMARK [1][-]{section.5.5}{Experimental Validation}{chapter.5}% 59
\BOOKMARK [2][-]{subsection.5.5.1}{Covariance Estimators Comparison}{section.5.5}% 60
\BOOKMARK [2][-]{subsection.5.5.2}{Effect of Outliers on Centre Estimation}{section.5.5}% 61
\BOOKMARK [2][-]{subsection.5.5.3}{From Euclidean to Riemannian Centres of Class}{section.5.5}% 62
\BOOKMARK [2][-]{subsection.5.5.4}{Classification Results and Analysis}{section.5.5}% 63
\BOOKMARK [1][-]{section.5.6}{Conclusion}{chapter.5}% 64
\BOOKMARK [0][-]{chapter.6}{Perspectives for Riemannian Approaches}{}% 65
\BOOKMARK [1][-]{section.6.1}{Introduction}{chapter.6}% 66
\BOOKMARK [1][-]{section.6.2}{Data Augmentation}{chapter.6}% 67
\BOOKMARK [2][-]{subsection.6.2.1}{Generating Artificial Points on Riemannian Manifold}{section.6.2}% 68
\BOOKMARK [2][-]{subsection.6.2.2}{Classification}{section.6.2}% 69
\BOOKMARK [2][-]{subsection.6.2.3}{Experimental Data Description}{section.6.2}% 70
\BOOKMARK [2][-]{subsection.6.2.4}{Results and Discussion}{section.6.2}% 71
\BOOKMARK [1][-]{section.6.3}{Transfer Learning}{chapter.6}% 72
\BOOKMARK [2][-]{subsection.6.3.1}{User Specificity as Domain in Transfer Learning}{section.6.3}% 73
\BOOKMARK [2][-]{subsection.6.3.2}{Category of Proposed Transfer Learning}{section.6.3}% 74
\BOOKMARK [2][-]{subsection.6.3.3}{Composite Riemanian Mean}{section.6.3}% 75
\BOOKMARK [2][-]{subsection.6.3.4}{Experimental Results}{section.6.3}% 76
\BOOKMARK [1][-]{section.6.4}{Conclusion}{chapter.6}% 77
\BOOKMARK [0][-]{chapter.7}{Conclusion}{}% 78
\BOOKMARK [0][-]{chapter.7}{Bibliography}{}% 79
