This is pdfTeX, Version 3.14159265-2.6-1.40.17 (TeX Live 2016) (preloaded format=pdflatex 2017.3.28)  15 JAN 2018 15:46
entering extended mode
 restricted \write18 enabled.
 file:line:error style messages enabled.
 %&-line parsing enabled.
**XThesis.sty
(./XThesis.sty
LaTeX2e <2016/03/31>
Babel <3.9r> and hyphenation patterns for 83 language(s) loaded.
Document Style Option `dalthesis'.
./XThesis.sty:265: You can't use `\spacefactor' in vertical mode.
\@->\spacefactor 
                 \@m {}
l.265 \@
        ifundefined{chapter}{\@latexerr{The `dalthesis' option should be used
? 
./XThesis.sty:265: Emergency stop.
\@->\spacefactor 
                 \@m {}
l.265 \@
        ifundefined{chapter}{\@latexerr{The `dalthesis' option should be used
End of file on the terminal!

 
Here is how much of TeX's memory you used:
 44 strings out of 493014
 487 string characters out of 6133351
 54738 words of memory out of 5000000
 3686 multiletter control sequences out of 15000+600000
 3640 words of font info for 14 fonts, out of 8000000 for 9000
 1141 hyphenation exceptions out of 8191
 7i,0n,6p,92b,8s stack positions out of 5000i,500n,10000p,200000b,80000s
./XThesis.sty:265:  ==> Fatal error occurred, no output PDF file produced!
